The target system is: Android - 1 - armv7-a
The host system is: Linux - 5.15.0-67-generic - x86_64
Determining if the CXX compiler works passed with the following output:
Change Dir: /home/niu2x/project/nup/build-android/CMakeFiles/CMakeTmp

Run Build Command(s):/usr/bin/make cmTC_97b0d/fast && make[1]: Entering directory '/home/niu2x/project/nup/build-android/CMakeFiles/CMakeTmp'
/usr/bin/make -f CMakeFiles/cmTC_97b0d.dir/build.make CMakeFiles/cmTC_97b0d.dir/build
make[2]: Entering directory '/home/niu2x/project/nup/build-android/CMakeFiles/CMakeTmp'
Building CXX object CMakeFiles/cmTC_97b0d.dir/testCXXCompiler.cxx.o
/opt/android-sdk/ndk/21.2.6472646/toolchains/llvm/prebuilt/linux-x86_64/bin/clang++ --target=armv7-none-linux-androideabi16 --gcc-toolchain=/opt/android-sdk/ndk/21.2.6472646/toolchains/llvm/prebuilt/linux-x86_64 --sysroot=/opt/android-sdk/ndk/21.2.6472646/toolchains/llvm/prebuilt/linux-x86_64/sysroot    -DANDROID -fdata-sections -ffunction-sections -funwind-tables -fstack-protector-strong -no-canonical-prefixes -D_FORTIFY_SOURCE=2 -march=armv7-a -mthumb -Wformat -Werror=format-security    -fPIE   -o CMakeFiles/cmTC_97b0d.dir/testCXXCompiler.cxx.o -c /home/niu2x/project/nup/build-android/CMakeFiles/CMakeTmp/testCXXCompiler.cxx
Linking CXX executable cmTC_97b0d
/usr/bin/cmake -E cmake_link_script CMakeFiles/cmTC_97b0d.dir/link.txt --verbose=1
/opt/android-sdk/ndk/21.2.6472646/toolchains/llvm/prebuilt/linux-x86_64/bin/clang++ --target=armv7-none-linux-androideabi16 --gcc-toolchain=/opt/android-sdk/ndk/21.2.6472646/toolchains/llvm/prebuilt/linux-x86_64 --sysroot=/opt/android-sdk/ndk/21.2.6472646/toolchains/llvm/prebuilt/linux-x86_64/sysroot  -DANDROID -fdata-sections -ffunction-sections -funwind-tables -fstack-protector-strong -no-canonical-prefixes -D_FORTIFY_SOURCE=2 -march=armv7-a -mthumb -Wformat -Werror=format-security     -Wl,--exclude-libs,libgcc.a -Wl,--exclude-libs,libgcc_real.a -Wl,--exclude-libs,libatomic.a -static-libstdc++ -Wl,--build-id -Wl,--fatal-warnings -Wl,--exclude-libs,libunwind.a -Wl,--no-undefined -Qunused-arguments -Wl,--gc-sections   CMakeFiles/cmTC_97b0d.dir/testCXXCompiler.cxx.o  -o cmTC_97b0d  -latomic -lm 
make[2]: Leaving directory '/home/niu2x/project/nup/build-android/CMakeFiles/CMakeTmp'
make[1]: Leaving directory '/home/niu2x/project/nup/build-android/CMakeFiles/CMakeTmp'



Detecting CXX compiler ABI info compiled with the following output:
Change Dir: /home/niu2x/project/nup/build-android/CMakeFiles/CMakeTmp

Run Build Command(s):/usr/bin/make cmTC_aee08/fast && make[1]: Entering directory '/home/niu2x/project/nup/build-android/CMakeFiles/CMakeTmp'
/usr/bin/make -f CMakeFiles/cmTC_aee08.dir/build.make CMakeFiles/cmTC_aee08.dir/build
make[2]: Entering directory '/home/niu2x/project/nup/build-android/CMakeFiles/CMakeTmp'
Building CXX object CMakeFiles/cmTC_aee08.dir/CMakeCXXCompilerABI.cpp.o
/opt/android-sdk/ndk/21.2.6472646/toolchains/llvm/prebuilt/linux-x86_64/bin/clang++ --target=armv7-none-linux-androideabi16 --gcc-toolchain=/opt/android-sdk/ndk/21.2.6472646/toolchains/llvm/prebuilt/linux-x86_64 --sysroot=/opt/android-sdk/ndk/21.2.6472646/toolchains/llvm/prebuilt/linux-x86_64/sysroot    -DANDROID -fdata-sections -ffunction-sections -funwind-tables -fstack-protector-strong -no-canonical-prefixes -D_FORTIFY_SOURCE=2 -march=armv7-a -mthumb -Wformat -Werror=format-security    -fPIE   -v -o CMakeFiles/cmTC_aee08.dir/CMakeCXXCompilerABI.cpp.o -c /usr/share/cmake-3.16/Modules/CMakeCXXCompilerABI.cpp
Android (6454773 based on r365631c2) clang version 9.0.8 (https://android.googlesource.com/toolchain/llvm-project 98c855489587874b2a325e7a516b99d838599c6f) (based on LLVM 9.0.8svn)
Target: armv7-none-linux-android16
Thread model: posix
InstalledDir: /opt/android-sdk/ndk/21.2.6472646/toolchains/llvm/prebuilt/linux-x86_64/bin
Found candidate GCC installation: /opt/android-sdk/ndk/21.2.6472646/toolchains/llvm/prebuilt/linux-x86_64/lib/gcc/arm-linux-androideabi/4.9.x
Selected GCC installation: /opt/android-sdk/ndk/21.2.6472646/toolchains/llvm/prebuilt/linux-x86_64/lib/gcc/arm-linux-androideabi/4.9.x
Candidate multilib: thumb;@mthumb
Candidate multilib: armv7-a;@march=armv7-a
Candidate multilib: armv7-a/thumb;@march=armv7-a@mthumb
Candidate multilib: .;
Selected multilib: armv7-a/thumb;@march=armv7-a@mthumb
 "/opt/android-sdk/ndk/21.2.6472646/toolchains/llvm/prebuilt/linux-x86_64/bin/clang++" -cc1 -triple thumbv7-none-linux-android16 -emit-obj -mrelax-all -mnoexecstack -disable-free -disable-llvm-verifier -discard-value-names -main-file-name CMakeCXXCompilerABI.cpp -mrelocation-model pic -pic-level 2 -pic-is-pie -mthread-model posix -mdisable-fp-elim -masm-verbose -mconstructor-aliases -munwind-tables -fuse-init-array -target-cpu generic -target-feature +soft-float-abi -target-feature +fpregs -target-feature +vfp2 -target-feature +vfp2d16 -target-feature +vfp2d16sp -target-feature +vfp2sp -target-feature +vfp3 -target-feature +vfp3d16 -target-feature +vfp3d16sp -target-feature +vfp3sp -target-feature -fp16 -target-feature -vfp4 -target-feature -vfp4d16 -target-feature -vfp4d16sp -target-feature -vfp4sp -target-feature -fp-armv8 -target-feature -fp-armv8d16 -target-feature -fp-armv8d16sp -target-feature -fp-armv8sp -target-feature -fullfp16 -target-feature +fp64 -target-feature +d32 -target-feature +neon -target-feature -crypto -target-feature -fp16fml -target-abi aapcs-linux -mfloat-abi soft -fallow-half-arguments-and-returns -dwarf-column-info -debugger-tuning=gdb -v -ffunction-sections -fdata-sections -coverage-notes-file /home/niu2x/project/nup/build-android/CMakeFiles/CMakeTmp/CMakeFiles/cmTC_aee08.dir/CMakeCXXCompilerABI.cpp.gcno -resource-dir /opt/android-sdk/ndk/21.2.6472646/toolchains/llvm/prebuilt/linux-x86_64/lib64/clang/9.0.8 -D ANDROID -D _FORTIFY_SOURCE=2 -isysroot /opt/android-sdk/ndk/21.2.6472646/toolchains/llvm/prebuilt/linux-x86_64/sysroot -internal-isystem /opt/android-sdk/ndk/21.2.6472646/toolchains/llvm/prebuilt/linux-x86_64/sysroot/usr/include/c++/v1 -internal-isystem /opt/android-sdk/ndk/21.2.6472646/toolchains/llvm/prebuilt/linux-x86_64/sysroot/usr/local/include -internal-isystem /opt/android-sdk/ndk/21.2.6472646/toolchains/llvm/prebuilt/linux-x86_64/lib64/clang/9.0.8/include -internal-externc-isystem /opt/android-sdk/ndk/21.2.6472646/toolchains/llvm/prebuilt/linux-x86_64/sysroot/usr/include/arm-linux-androideabi -internal-externc-isystem /opt/android-sdk/ndk/21.2.6472646/toolchains/llvm/prebuilt/linux-x86_64/sysroot/include -internal-externc-isystem /opt/android-sdk/ndk/21.2.6472646/toolchains/llvm/prebuilt/linux-x86_64/sysroot/usr/include -Wformat -Werror=format-security -fdeprecated-macro -fdebug-compilation-dir /home/niu2x/project/nup/build-android/CMakeFiles/CMakeTmp -ferror-limit 19 -fmessage-length 0 -stack-protector 2 -fno-signed-char -fobjc-runtime=gcc -fcxx-exceptions -fexceptions -fdiagnostics-show-option -o CMakeFiles/cmTC_aee08.dir/CMakeCXXCompilerABI.cpp.o -x c++ /usr/share/cmake-3.16/Modules/CMakeCXXCompilerABI.cpp
clang -cc1 version 9.0.8 based upon LLVM 9.0.8svn default target x86_64-unknown-linux-gnu
ignoring nonexistent directory "/opt/android-sdk/ndk/21.2.6472646/toolchains/llvm/prebuilt/linux-x86_64/sysroot/include"
#include "..." search starts here:
#include <...> search starts here:
 /opt/android-sdk/ndk/21.2.6472646/toolchains/llvm/prebuilt/linux-x86_64/sysroot/usr/include/c++/v1
 /opt/android-sdk/ndk/21.2.6472646/toolchains/llvm/prebuilt/linux-x86_64/sysroot/usr/local/include
 /opt/android-sdk/ndk/21.2.6472646/toolchains/llvm/prebuilt/linux-x86_64/lib64/clang/9.0.8/include
 /opt/android-sdk/ndk/21.2.6472646/toolchains/llvm/prebuilt/linux-x86_64/sysroot/usr/include/arm-linux-androideabi
 /opt/android-sdk/ndk/21.2.6472646/toolchains/llvm/prebuilt/linux-x86_64/sysroot/usr/include
End of search list.
Linking CXX executable cmTC_aee08
/usr/bin/cmake -E cmake_link_script CMakeFiles/cmTC_aee08.dir/link.txt --verbose=1
/opt/android-sdk/ndk/21.2.6472646/toolchains/llvm/prebuilt/linux-x86_64/bin/clang++ --target=armv7-none-linux-androideabi16 --gcc-toolchain=/opt/android-sdk/ndk/21.2.6472646/toolchains/llvm/prebuilt/linux-x86_64 --sysroot=/opt/android-sdk/ndk/21.2.6472646/toolchains/llvm/prebuilt/linux-x86_64/sysroot  -DANDROID -fdata-sections -ffunction-sections -funwind-tables -fstack-protector-strong -no-canonical-prefixes -D_FORTIFY_SOURCE=2 -march=armv7-a -mthumb -Wformat -Werror=format-security     -Wl,--exclude-libs,libgcc.a -Wl,--exclude-libs,libgcc_real.a -Wl,--exclude-libs,libatomic.a -static-libstdc++ -Wl,--build-id -Wl,--fatal-warnings -Wl,--exclude-libs,libunwind.a -Wl,--no-undefined -Qunused-arguments -Wl,--gc-sections  -v CMakeFiles/cmTC_aee08.dir/CMakeCXXCompilerABI.cpp.o  -o cmTC_aee08 
Android (6454773 based on r365631c2) clang version 9.0.8 (https://android.googlesource.com/toolchain/llvm-project 98c855489587874b2a325e7a516b99d838599c6f) (based on LLVM 9.0.8svn)
Target: armv7-none-linux-android16
Thread model: posix
InstalledDir: /opt/android-sdk/ndk/21.2.6472646/toolchains/llvm/prebuilt/linux-x86_64/bin
Found candidate GCC installation: /opt/android-sdk/ndk/21.2.6472646/toolchains/llvm/prebuilt/linux-x86_64/lib/gcc/arm-linux-androideabi/4.9.x
Selected GCC installation: /opt/android-sdk/ndk/21.2.6472646/toolchains/llvm/prebuilt/linux-x86_64/lib/gcc/arm-linux-androideabi/4.9.x
Candidate multilib: thumb;@mthumb
Candidate multilib: armv7-a;@march=armv7-a
Candidate multilib: armv7-a/thumb;@march=armv7-a@mthumb
Candidate multilib: .;
Selected multilib: armv7-a/thumb;@march=armv7-a@mthumb
 "/opt/android-sdk/ndk/21.2.6472646/toolchains/llvm/prebuilt/linux-x86_64/lib/gcc/arm-linux-androideabi/4.9.x/../../../../arm-linux-androideabi/bin/ld" --sysroot=/opt/android-sdk/ndk/21.2.6472646/toolchains/llvm/prebuilt/linux-x86_64/sysroot -pie -z noexecstack -EL --warn-shared-textrel -z now -z relro -X --hash-style=both --enable-new-dtags --eh-frame-hdr -m armelf_linux_eabi -dynamic-linker /system/bin/linker -o cmTC_aee08 /opt/android-sdk/ndk/21.2.6472646/toolchains/llvm/prebuilt/linux-x86_64/sysroot/usr/lib/arm-linux-androideabi/16/crtbegin_dynamic.o -L/opt/android-sdk/ndk/21.2.6472646/toolchains/llvm/prebuilt/linux-x86_64/lib64/clang/9.0.8/lib/linux/arm -L/opt/android-sdk/ndk/21.2.6472646/toolchains/llvm/prebuilt/linux-x86_64/lib/gcc/arm-linux-androideabi/4.9.x/armv7-a/thumb -L/opt/android-sdk/ndk/21.2.6472646/toolchains/llvm/prebuilt/linux-x86_64/lib/gcc/arm-linux-androideabi/4.9.x/../../../../arm-linux-androideabi/lib/../lib/armv7-a/thumb -L/opt/android-sdk/ndk/21.2.6472646/toolchains/llvm/prebuilt/linux-x86_64/sysroot/usr/lib/arm-linux-androideabi/16 -L/opt/android-sdk/ndk/21.2.6472646/toolchains/llvm/prebuilt/linux-x86_64/sysroot/usr/lib/arm-linux-androideabi -L/opt/android-sdk/ndk/21.2.6472646/toolchains/llvm/prebuilt/linux-x86_64/sysroot/usr/lib/../lib -L/opt/android-sdk/ndk/21.2.6472646/toolchains/llvm/prebuilt/linux-x86_64/sysroot/usr/lib/arm-linux-androideabi/../../lib -L/opt/android-sdk/ndk/21.2.6472646/toolchains/llvm/prebuilt/linux-x86_64/lib/gcc/arm-linux-androideabi/4.9.x/../../../../arm-linux-androideabi/lib/armv7-a/thumb -L/opt/android-sdk/ndk/21.2.6472646/toolchains/llvm/prebuilt/linux-x86_64/sysroot/usr/lib --exclude-libs libgcc.a --exclude-libs libgcc_real.a --exclude-libs libatomic.a --build-id --fatal-warnings --exclude-libs libunwind.a --no-undefined --gc-sections CMakeFiles/cmTC_aee08.dir/CMakeCXXCompilerABI.cpp.o -Bstatic -lc++ -Bdynamic -lm -lgcc -ldl -lc -lgcc -ldl /opt/android-sdk/ndk/21.2.6472646/toolchains/llvm/prebuilt/linux-x86_64/sysroot/usr/lib/arm-linux-androideabi/16/crtend_android.o
make[2]: Leaving directory '/home/niu2x/project/nup/build-android/CMakeFiles/CMakeTmp'
make[1]: Leaving directory '/home/niu2x/project/nup/build-android/CMakeFiles/CMakeTmp'



Parsed CXX implicit include dir info from above output: rv=done
  found start of include info
  found start of implicit include info
    add: [/opt/android-sdk/ndk/21.2.6472646/toolchains/llvm/prebuilt/linux-x86_64/sysroot/usr/include/c++/v1]
    add: [/opt/android-sdk/ndk/21.2.6472646/toolchains/llvm/prebuilt/linux-x86_64/sysroot/usr/local/include]
    add: [/opt/android-sdk/ndk/21.2.6472646/toolchains/llvm/prebuilt/linux-x86_64/lib64/clang/9.0.8/include]
    add: [/opt/android-sdk/ndk/21.2.6472646/toolchains/llvm/prebuilt/linux-x86_64/sysroot/usr/include/arm-linux-androideabi]
    add: [/opt/android-sdk/ndk/21.2.6472646/toolchains/llvm/prebuilt/linux-x86_64/sysroot/usr/include]
  end of search list found
  collapse include dir [/opt/android-sdk/ndk/21.2.6472646/toolchains/llvm/prebuilt/linux-x86_64/sysroot/usr/include/c++/v1] ==> [/opt/android-sdk/ndk/21.2.6472646/toolchains/llvm/prebuilt/linux-x86_64/sysroot/usr/include/c++/v1]
  collapse include dir [/opt/android-sdk/ndk/21.2.6472646/toolchains/llvm/prebuilt/linux-x86_64/sysroot/usr/local/include] ==> [/opt/android-sdk/ndk/21.2.6472646/toolchains/llvm/prebuilt/linux-x86_64/sysroot/usr/local/include]
  collapse include dir [/opt/android-sdk/ndk/21.2.6472646/toolchains/llvm/prebuilt/linux-x86_64/lib64/clang/9.0.8/include] ==> [/opt/android-sdk/ndk/21.2.6472646/toolchains/llvm/prebuilt/linux-x86_64/lib64/clang/9.0.8/include]
  collapse include dir [/opt/android-sdk/ndk/21.2.6472646/toolchains/llvm/prebuilt/linux-x86_64/sysroot/usr/include/arm-linux-androideabi] ==> [/opt/android-sdk/ndk/21.2.6472646/toolchains/llvm/prebuilt/linux-x86_64/sysroot/usr/include/arm-linux-androideabi]
  collapse include dir [/opt/android-sdk/ndk/21.2.6472646/toolchains/llvm/prebuilt/linux-x86_64/sysroot/usr/include] ==> [/opt/android-sdk/ndk/21.2.6472646/toolchains/llvm/prebuilt/linux-x86_64/sysroot/usr/include]
  implicit include dirs: [/opt/android-sdk/ndk/21.2.6472646/toolchains/llvm/prebuilt/linux-x86_64/sysroot/usr/include/c++/v1;/opt/android-sdk/ndk/21.2.6472646/toolchains/llvm/prebuilt/linux-x86_64/sysroot/usr/local/include;/opt/android-sdk/ndk/21.2.6472646/toolchains/llvm/prebuilt/linux-x86_64/lib64/clang/9.0.8/include;/opt/android-sdk/ndk/21.2.6472646/toolchains/llvm/prebuilt/linux-x86_64/sysroot/usr/include/arm-linux-androideabi;/opt/android-sdk/ndk/21.2.6472646/toolchains/llvm/prebuilt/linux-x86_64/sysroot/usr/include]


Parsed CXX implicit link information from above output:
  link line regex: [^( *|.*[/\])(arm-linux-androideabi-ld|CMAKE_LINK_STARTFILE-NOTFOUND|([^/\]+-)?ld|collect2)[^/\]*( |$)]
  ignore line: [Change Dir: /home/niu2x/project/nup/build-android/CMakeFiles/CMakeTmp]
  ignore line: []
  ignore line: [Run Build Command(s):/usr/bin/make cmTC_aee08/fast && make[1]: Entering directory '/home/niu2x/project/nup/build-android/CMakeFiles/CMakeTmp']
  ignore line: [/usr/bin/make -f CMakeFiles/cmTC_aee08.dir/build.make CMakeFiles/cmTC_aee08.dir/build]
  ignore line: [make[2]: Entering directory '/home/niu2x/project/nup/build-android/CMakeFiles/CMakeTmp']
  ignore line: [Building CXX object CMakeFiles/cmTC_aee08.dir/CMakeCXXCompilerABI.cpp.o]
  ignore line: [/opt/android-sdk/ndk/21.2.6472646/toolchains/llvm/prebuilt/linux-x86_64/bin/clang++ --target=armv7-none-linux-androideabi16 --gcc-toolchain=/opt/android-sdk/ndk/21.2.6472646/toolchains/llvm/prebuilt/linux-x86_64 --sysroot=/opt/android-sdk/ndk/21.2.6472646/toolchains/llvm/prebuilt/linux-x86_64/sysroot    -DANDROID -fdata-sections -ffunction-sections -funwind-tables -fstack-protector-strong -no-canonical-prefixes -D_FORTIFY_SOURCE=2 -march=armv7-a -mthumb -Wformat -Werror=format-security    -fPIE   -v -o CMakeFiles/cmTC_aee08.dir/CMakeCXXCompilerABI.cpp.o -c /usr/share/cmake-3.16/Modules/CMakeCXXCompilerABI.cpp]
  ignore line: [Android (6454773 based on r365631c2) clang version 9.0.8 (https://android.googlesource.com/toolchain/llvm-project 98c855489587874b2a325e7a516b99d838599c6f) (based on LLVM 9.0.8svn)]
  ignore line: [Target: armv7-none-linux-android16]
  ignore line: [Thread model: posix]
  ignore line: [InstalledDir: /opt/android-sdk/ndk/21.2.6472646/toolchains/llvm/prebuilt/linux-x86_64/bin]
  ignore line: [Found candidate GCC installation: /opt/android-sdk/ndk/21.2.6472646/toolchains/llvm/prebuilt/linux-x86_64/lib/gcc/arm-linux-androideabi/4.9.x]
  ignore line: [Selected GCC installation: /opt/android-sdk/ndk/21.2.6472646/toolchains/llvm/prebuilt/linux-x86_64/lib/gcc/arm-linux-androideabi/4.9.x]
  ignore line: [Candidate multilib: thumb]
  ignore line: [@mthumb]
  ignore line: [Candidate multilib: armv7-a]
  ignore line: [@march=armv7-a]
  ignore line: [Candidate multilib: armv7-a/thumb]
  ignore line: [@march=armv7-a@mthumb]
  ignore line: [Candidate multilib: .]
  ignore line: []
  ignore line: [Selected multilib: armv7-a/thumb]
  ignore line: [@march=armv7-a@mthumb]
  ignore line: [ "/opt/android-sdk/ndk/21.2.6472646/toolchains/llvm/prebuilt/linux-x86_64/bin/clang++" -cc1 -triple thumbv7-none-linux-android16 -emit-obj -mrelax-all -mnoexecstack -disable-free -disable-llvm-verifier -discard-value-names -main-file-name CMakeCXXCompilerABI.cpp -mrelocation-model pic -pic-level 2 -pic-is-pie -mthread-model posix -mdisable-fp-elim -masm-verbose -mconstructor-aliases -munwind-tables -fuse-init-array -target-cpu generic -target-feature +soft-float-abi -target-feature +fpregs -target-feature +vfp2 -target-feature +vfp2d16 -target-feature +vfp2d16sp -target-feature +vfp2sp -target-feature +vfp3 -target-feature +vfp3d16 -target-feature +vfp3d16sp -target-feature +vfp3sp -target-feature -fp16 -target-feature -vfp4 -target-feature -vfp4d16 -target-feature -vfp4d16sp -target-feature -vfp4sp -target-feature -fp-armv8 -target-feature -fp-armv8d16 -target-feature -fp-armv8d16sp -target-feature -fp-armv8sp -target-feature -fullfp16 -target-feature +fp64 -target-feature +d32 -target-feature +neon -target-feature -crypto -target-feature -fp16fml -target-abi aapcs-linux -mfloat-abi soft -fallow-half-arguments-and-returns -dwarf-column-info -debugger-tuning=gdb -v -ffunction-sections -fdata-sections -coverage-notes-file /home/niu2x/project/nup/build-android/CMakeFiles/CMakeTmp/CMakeFiles/cmTC_aee08.dir/CMakeCXXCompilerABI.cpp.gcno -resource-dir /opt/android-sdk/ndk/21.2.6472646/toolchains/llvm/prebuilt/linux-x86_64/lib64/clang/9.0.8 -D ANDROID -D _FORTIFY_SOURCE=2 -isysroot /opt/android-sdk/ndk/21.2.6472646/toolchains/llvm/prebuilt/linux-x86_64/sysroot -internal-isystem /opt/android-sdk/ndk/21.2.6472646/toolchains/llvm/prebuilt/linux-x86_64/sysroot/usr/include/c++/v1 -internal-isystem /opt/android-sdk/ndk/21.2.6472646/toolchains/llvm/prebuilt/linux-x86_64/sysroot/usr/local/include -internal-isystem /opt/android-sdk/ndk/21.2.6472646/toolchains/llvm/prebuilt/linux-x86_64/lib64/clang/9.0.8/include -internal-externc-isystem /opt/android-sdk/ndk/21.2.6472646/toolchains/llvm/prebuilt/linux-x86_64/sysroot/usr/include/arm-linux-androideabi -internal-externc-isystem /opt/android-sdk/ndk/21.2.6472646/toolchains/llvm/prebuilt/linux-x86_64/sysroot/include -internal-externc-isystem /opt/android-sdk/ndk/21.2.6472646/toolchains/llvm/prebuilt/linux-x86_64/sysroot/usr/include -Wformat -Werror=format-security -fdeprecated-macro -fdebug-compilation-dir /home/niu2x/project/nup/build-android/CMakeFiles/CMakeTmp -ferror-limit 19 -fmessage-length 0 -stack-protector 2 -fno-signed-char -fobjc-runtime=gcc -fcxx-exceptions -fexceptions -fdiagnostics-show-option -o CMakeFiles/cmTC_aee08.dir/CMakeCXXCompilerABI.cpp.o -x c++ /usr/share/cmake-3.16/Modules/CMakeCXXCompilerABI.cpp]
  ignore line: [clang -cc1 version 9.0.8 based upon LLVM 9.0.8svn default target x86_64-unknown-linux-gnu]
  ignore line: [ignoring nonexistent directory "/opt/android-sdk/ndk/21.2.6472646/toolchains/llvm/prebuilt/linux-x86_64/sysroot/include"]
  ignore line: [#include "..." search starts here:]
  ignore line: [#include <...> search starts here:]
  ignore line: [ /opt/android-sdk/ndk/21.2.6472646/toolchains/llvm/prebuilt/linux-x86_64/sysroot/usr/include/c++/v1]
  ignore line: [ /opt/android-sdk/ndk/21.2.6472646/toolchains/llvm/prebuilt/linux-x86_64/sysroot/usr/local/include]
  ignore line: [ /opt/android-sdk/ndk/21.2.6472646/toolchains/llvm/prebuilt/linux-x86_64/lib64/clang/9.0.8/include]
  ignore line: [ /opt/android-sdk/ndk/21.2.6472646/toolchains/llvm/prebuilt/linux-x86_64/sysroot/usr/include/arm-linux-androideabi]
  ignore line: [ /opt/android-sdk/ndk/21.2.6472646/toolchains/llvm/prebuilt/linux-x86_64/sysroot/usr/include]
  ignore line: [End of search list.]
  ignore line: [Linking CXX executable cmTC_aee08]
  ignore line: [/usr/bin/cmake -E cmake_link_script CMakeFiles/cmTC_aee08.dir/link.txt --verbose=1]
  ignore line: [/opt/android-sdk/ndk/21.2.6472646/toolchains/llvm/prebuilt/linux-x86_64/bin/clang++ --target=armv7-none-linux-androideabi16 --gcc-toolchain=/opt/android-sdk/ndk/21.2.6472646/toolchains/llvm/prebuilt/linux-x86_64 --sysroot=/opt/android-sdk/ndk/21.2.6472646/toolchains/llvm/prebuilt/linux-x86_64/sysroot  -DANDROID -fdata-sections -ffunction-sections -funwind-tables -fstack-protector-strong -no-canonical-prefixes -D_FORTIFY_SOURCE=2 -march=armv7-a -mthumb -Wformat -Werror=format-security     -Wl --exclude-libs libgcc.a -Wl --exclude-libs libgcc_real.a -Wl --exclude-libs libatomic.a -static-libstdc++ -Wl --build-id -Wl --fatal-warnings -Wl --exclude-libs libunwind.a -Wl --no-undefined -Qunused-arguments -Wl --gc-sections  -v CMakeFiles/cmTC_aee08.dir/CMakeCXXCompilerABI.cpp.o  -o cmTC_aee08 ]
  ignore line: [Android (6454773 based on r365631c2) clang version 9.0.8 (https://android.googlesource.com/toolchain/llvm-project 98c855489587874b2a325e7a516b99d838599c6f) (based on LLVM 9.0.8svn)]
  ignore line: [Target: armv7-none-linux-android16]
  ignore line: [Thread model: posix]
  ignore line: [InstalledDir: /opt/android-sdk/ndk/21.2.6472646/toolchains/llvm/prebuilt/linux-x86_64/bin]
  ignore line: [Found candidate GCC installation: /opt/android-sdk/ndk/21.2.6472646/toolchains/llvm/prebuilt/linux-x86_64/lib/gcc/arm-linux-androideabi/4.9.x]
  ignore line: [Selected GCC installation: /opt/android-sdk/ndk/21.2.6472646/toolchains/llvm/prebuilt/linux-x86_64/lib/gcc/arm-linux-androideabi/4.9.x]
  ignore line: [Candidate multilib: thumb]
  ignore line: [@mthumb]
  ignore line: [Candidate multilib: armv7-a]
  ignore line: [@march=armv7-a]
  ignore line: [Candidate multilib: armv7-a/thumb]
  ignore line: [@march=armv7-a@mthumb]
  ignore line: [Candidate multilib: .]
  ignore line: []
  ignore line: [Selected multilib: armv7-a/thumb]
  ignore line: [@march=armv7-a@mthumb]
  link line: [ "/opt/android-sdk/ndk/21.2.6472646/toolchains/llvm/prebuilt/linux-x86_64/lib/gcc/arm-linux-androideabi/4.9.x/../../../../arm-linux-androideabi/bin/ld" --sysroot=/opt/android-sdk/ndk/21.2.6472646/toolchains/llvm/prebuilt/linux-x86_64/sysroot -pie -z noexecstack -EL --warn-shared-textrel -z now -z relro -X --hash-style=both --enable-new-dtags --eh-frame-hdr -m armelf_linux_eabi -dynamic-linker /system/bin/linker -o cmTC_aee08 /opt/android-sdk/ndk/21.2.6472646/toolchains/llvm/prebuilt/linux-x86_64/sysroot/usr/lib/arm-linux-androideabi/16/crtbegin_dynamic.o -L/opt/android-sdk/ndk/21.2.6472646/toolchains/llvm/prebuilt/linux-x86_64/lib64/clang/9.0.8/lib/linux/arm -L/opt/android-sdk/ndk/21.2.6472646/toolchains/llvm/prebuilt/linux-x86_64/lib/gcc/arm-linux-androideabi/4.9.x/armv7-a/thumb -L/opt/android-sdk/ndk/21.2.6472646/toolchains/llvm/prebuilt/linux-x86_64/lib/gcc/arm-linux-androideabi/4.9.x/../../../../arm-linux-androideabi/lib/../lib/armv7-a/thumb -L/opt/android-sdk/ndk/21.2.6472646/toolchains/llvm/prebuilt/linux-x86_64/sysroot/usr/lib/arm-linux-androideabi/16 -L/opt/android-sdk/ndk/21.2.6472646/toolchains/llvm/prebuilt/linux-x86_64/sysroot/usr/lib/arm-linux-androideabi -L/opt/android-sdk/ndk/21.2.6472646/toolchains/llvm/prebuilt/linux-x86_64/sysroot/usr/lib/../lib -L/opt/android-sdk/ndk/21.2.6472646/toolchains/llvm/prebuilt/linux-x86_64/sysroot/usr/lib/arm-linux-androideabi/../../lib -L/opt/android-sdk/ndk/21.2.6472646/toolchains/llvm/prebuilt/linux-x86_64/lib/gcc/arm-linux-androideabi/4.9.x/../../../../arm-linux-androideabi/lib/armv7-a/thumb -L/opt/android-sdk/ndk/21.2.6472646/toolchains/llvm/prebuilt/linux-x86_64/sysroot/usr/lib --exclude-libs libgcc.a --exclude-libs libgcc_real.a --exclude-libs libatomic.a --build-id --fatal-warnings --exclude-libs libunwind.a --no-undefined --gc-sections CMakeFiles/cmTC_aee08.dir/CMakeCXXCompilerABI.cpp.o -Bstatic -lc++ -Bdynamic -lm -lgcc -ldl -lc -lgcc -ldl /opt/android-sdk/ndk/21.2.6472646/toolchains/llvm/prebuilt/linux-x86_64/sysroot/usr/lib/arm-linux-androideabi/16/crtend_android.o]
    arg [/opt/android-sdk/ndk/21.2.6472646/toolchains/llvm/prebuilt/linux-x86_64/lib/gcc/arm-linux-androideabi/4.9.x/../../../../arm-linux-androideabi/bin/ld] ==> ignore
    arg [--sysroot=/opt/android-sdk/ndk/21.2.6472646/toolchains/llvm/prebuilt/linux-x86_64/sysroot] ==> ignore
    arg [-pie] ==> ignore
    arg [-znoexecstack] ==> ignore
    arg [-EL] ==> ignore
    arg [--warn-shared-textrel] ==> ignore
    arg [-znow] ==> ignore
    arg [-zrelro] ==> ignore
    arg [-X] ==> ignore
    arg [--hash-style=both] ==> ignore
    arg [--enable-new-dtags] ==> ignore
    arg [--eh-frame-hdr] ==> ignore
    arg [-m] ==> ignore
    arg [armelf_linux_eabi] ==> ignore
    arg [-dynamic-linker] ==> ignore
    arg [/system/bin/linker] ==> ignore
    arg [-o] ==> ignore
    arg [cmTC_aee08] ==> ignore
    arg [/opt/android-sdk/ndk/21.2.6472646/toolchains/llvm/prebuilt/linux-x86_64/sysroot/usr/lib/arm-linux-androideabi/16/crtbegin_dynamic.o] ==> ignore
    arg [-L/opt/android-sdk/ndk/21.2.6472646/toolchains/llvm/prebuilt/linux-x86_64/lib64/clang/9.0.8/lib/linux/arm] ==> dir [/opt/android-sdk/ndk/21.2.6472646/toolchains/llvm/prebuilt/linux-x86_64/lib64/clang/9.0.8/lib/linux/arm]
    arg [-L/opt/android-sdk/ndk/21.2.6472646/toolchains/llvm/prebuilt/linux-x86_64/lib/gcc/arm-linux-androideabi/4.9.x/armv7-a/thumb] ==> dir [/opt/android-sdk/ndk/21.2.6472646/toolchains/llvm/prebuilt/linux-x86_64/lib/gcc/arm-linux-androideabi/4.9.x/armv7-a/thumb]
    arg [-L/opt/android-sdk/ndk/21.2.6472646/toolchains/llvm/prebuilt/linux-x86_64/lib/gcc/arm-linux-androideabi/4.9.x/../../../../arm-linux-androideabi/lib/../lib/armv7-a/thumb] ==> dir [/opt/android-sdk/ndk/21.2.6472646/toolchains/llvm/prebuilt/linux-x86_64/lib/gcc/arm-linux-androideabi/4.9.x/../../../../arm-linux-androideabi/lib/../lib/armv7-a/thumb]
    arg [-L/opt/android-sdk/ndk/21.2.6472646/toolchains/llvm/prebuilt/linux-x86_64/sysroot/usr/lib/arm-linux-androideabi/16] ==> dir [/opt/android-sdk/ndk/21.2.6472646/toolchains/llvm/prebuilt/linux-x86_64/sysroot/usr/lib/arm-linux-androideabi/16]
    arg [-L/opt/android-sdk/ndk/21.2.6472646/toolchains/llvm/prebuilt/linux-x86_64/sysroot/usr/lib/arm-linux-androideabi] ==> dir [/opt/android-sdk/ndk/21.2.6472646/toolchains/llvm/prebuilt/linux-x86_64/sysroot/usr/lib/arm-linux-androideabi]
    arg [-L/opt/android-sdk/ndk/21.2.6472646/toolchains/llvm/prebuilt/linux-x86_64/sysroot/usr/lib/../lib] ==> dir [/opt/android-sdk/ndk/21.2.6472646/toolchains/llvm/prebuilt/linux-x86_64/sysroot/usr/lib/../lib]
    arg [-L/opt/android-sdk/ndk/21.2.6472646/toolchains/llvm/prebuilt/linux-x86_64/sysroot/usr/lib/arm-linux-androideabi/../../lib] ==> dir [/opt/android-sdk/ndk/21.2.6472646/toolchains/llvm/prebuilt/linux-x86_64/sysroot/usr/lib/arm-linux-androideabi/../../lib]
    arg [-L/opt/android-sdk/ndk/21.2.6472646/toolchains/llvm/prebuilt/linux-x86_64/lib/gcc/arm-linux-androideabi/4.9.x/../../../../arm-linux-androideabi/lib/armv7-a/thumb] ==> dir [/opt/android-sdk/ndk/21.2.6472646/toolchains/llvm/prebuilt/linux-x86_64/lib/gcc/arm-linux-androideabi/4.9.x/../../../../arm-linux-androideabi/lib/armv7-a/thumb]
    arg [-L/opt/android-sdk/ndk/21.2.6472646/toolchains/llvm/prebuilt/linux-x86_64/sysroot/usr/lib] ==> dir [/opt/android-sdk/ndk/21.2.6472646/toolchains/llvm/prebuilt/linux-x86_64/sysroot/usr/lib]
    arg [--exclude-libs] ==> ignore
    arg [libgcc.a] ==> ignore
    arg [--exclude-libs] ==> ignore
    arg [libgcc_real.a] ==> ignore
    arg [--exclude-libs] ==> ignore
    arg [libatomic.a] ==> ignore
    arg [--build-id] ==> ignore
    arg [--fatal-warnings] ==> ignore
    arg [--exclude-libs] ==> ignore
    arg [libunwind.a] ==> ignore
    arg [--no-undefined] ==> ignore
    arg [--gc-sections] ==> ignore
    arg [CMakeFiles/cmTC_aee08.dir/CMakeCXXCompilerABI.cpp.o] ==> ignore
    arg [-Bstatic] ==> ignore
    arg [-lc++] ==> lib [c++]
    arg [-Bdynamic] ==> ignore
    arg [-lm] ==> lib [m]
    arg [-lgcc] ==> lib [gcc]
    arg [-ldl] ==> lib [dl]
    arg [-lc] ==> lib [c]
    arg [-lgcc] ==> lib [gcc]
    arg [-ldl] ==> lib [dl]
    arg [/opt/android-sdk/ndk/21.2.6472646/toolchains/llvm/prebuilt/linux-x86_64/sysroot/usr/lib/arm-linux-androideabi/16/crtend_android.o] ==> ignore
  collapse library dir [/opt/android-sdk/ndk/21.2.6472646/toolchains/llvm/prebuilt/linux-x86_64/lib64/clang/9.0.8/lib/linux/arm] ==> [/opt/android-sdk/ndk/21.2.6472646/toolchains/llvm/prebuilt/linux-x86_64/lib64/clang/9.0.8/lib/linux/arm]
  collapse library dir [/opt/android-sdk/ndk/21.2.6472646/toolchains/llvm/prebuilt/linux-x86_64/lib/gcc/arm-linux-androideabi/4.9.x/armv7-a/thumb] ==> [/opt/android-sdk/ndk/21.2.6472646/toolchains/llvm/prebuilt/linux-x86_64/lib/gcc/arm-linux-androideabi/4.9.x/armv7-a/thumb]
  collapse library dir [/opt/android-sdk/ndk/21.2.6472646/toolchains/llvm/prebuilt/linux-x86_64/lib/gcc/arm-linux-androideabi/4.9.x/../../../../arm-linux-androideabi/lib/../lib/armv7-a/thumb] ==> [/opt/android-sdk/ndk/21.2.6472646/toolchains/llvm/prebuilt/linux-x86_64/arm-linux-androideabi/lib/armv7-a/thumb]
  collapse library dir [/opt/android-sdk/ndk/21.2.6472646/toolchains/llvm/prebuilt/linux-x86_64/sysroot/usr/lib/arm-linux-androideabi/16] ==> [/opt/android-sdk/ndk/21.2.6472646/toolchains/llvm/prebuilt/linux-x86_64/sysroot/usr/lib/arm-linux-androideabi/16]
  collapse library dir [/opt/android-sdk/ndk/21.2.6472646/toolchains/llvm/prebuilt/linux-x86_64/sysroot/usr/lib/arm-linux-androideabi] ==> [/opt/android-sdk/ndk/21.2.6472646/toolchains/llvm/prebuilt/linux-x86_64/sysroot/usr/lib/arm-linux-androideabi]
  collapse library dir [/opt/android-sdk/ndk/21.2.6472646/toolchains/llvm/prebuilt/linux-x86_64/sysroot/usr/lib/../lib] ==> [/opt/android-sdk/ndk/21.2.6472646/toolchains/llvm/prebuilt/linux-x86_64/sysroot/usr/lib]
  collapse library dir [/opt/android-sdk/ndk/21.2.6472646/toolchains/llvm/prebuilt/linux-x86_64/sysroot/usr/lib/arm-linux-androideabi/../../lib] ==> [/opt/android-sdk/ndk/21.2.6472646/toolchains/llvm/prebuilt/linux-x86_64/sysroot/usr/lib]
  collapse library dir [/opt/android-sdk/ndk/21.2.6472646/toolchains/llvm/prebuilt/linux-x86_64/lib/gcc/arm-linux-androideabi/4.9.x/../../../../arm-linux-androideabi/lib/armv7-a/thumb] ==> [/opt/android-sdk/ndk/21.2.6472646/toolchains/llvm/prebuilt/linux-x86_64/arm-linux-androideabi/lib/armv7-a/thumb]
  collapse library dir [/opt/android-sdk/ndk/21.2.6472646/toolchains/llvm/prebuilt/linux-x86_64/sysroot/usr/lib] ==> [/opt/android-sdk/ndk/21.2.6472646/toolchains/llvm/prebuilt/linux-x86_64/sysroot/usr/lib]
  implicit libs: [c++;m;gcc;dl;c;gcc;dl]
  implicit dirs: [/opt/android-sdk/ndk/21.2.6472646/toolchains/llvm/prebuilt/linux-x86_64/lib64/clang/9.0.8/lib/linux/arm;/opt/android-sdk/ndk/21.2.6472646/toolchains/llvm/prebuilt/linux-x86_64/lib/gcc/arm-linux-androideabi/4.9.x/armv7-a/thumb;/opt/android-sdk/ndk/21.2.6472646/toolchains/llvm/prebuilt/linux-x86_64/arm-linux-androideabi/lib/armv7-a/thumb;/opt/android-sdk/ndk/21.2.6472646/toolchains/llvm/prebuilt/linux-x86_64/sysroot/usr/lib/arm-linux-androideabi/16;/opt/android-sdk/ndk/21.2.6472646/toolchains/llvm/prebuilt/linux-x86_64/sysroot/usr/lib/arm-linux-androideabi;/opt/android-sdk/ndk/21.2.6472646/toolchains/llvm/prebuilt/linux-x86_64/sysroot/usr/lib]
  implicit fwks: []


Determining if the C compiler works passed with the following output:
Change Dir: /home/niu2x/project/nup/build-android/CMakeFiles/CMakeTmp

Run Build Command(s):/usr/bin/make cmTC_599db/fast && make[1]: Entering directory '/home/niu2x/project/nup/build-android/CMakeFiles/CMakeTmp'
/usr/bin/make -f CMakeFiles/cmTC_599db.dir/build.make CMakeFiles/cmTC_599db.dir/build
make[2]: Entering directory '/home/niu2x/project/nup/build-android/CMakeFiles/CMakeTmp'
Building C object CMakeFiles/cmTC_599db.dir/testCCompiler.c.o
/opt/android-sdk/ndk/21.2.6472646/toolchains/llvm/prebuilt/linux-x86_64/bin/clang --target=armv7-none-linux-androideabi16 --gcc-toolchain=/opt/android-sdk/ndk/21.2.6472646/toolchains/llvm/prebuilt/linux-x86_64 --sysroot=/opt/android-sdk/ndk/21.2.6472646/toolchains/llvm/prebuilt/linux-x86_64/sysroot   -DANDROID -fdata-sections -ffunction-sections -funwind-tables -fstack-protector-strong -no-canonical-prefixes -D_FORTIFY_SOURCE=2 -march=armv7-a -mthumb -Wformat -Werror=format-security   -fPIE   -o CMakeFiles/cmTC_599db.dir/testCCompiler.c.o   -c /home/niu2x/project/nup/build-android/CMakeFiles/CMakeTmp/testCCompiler.c
Linking C executable cmTC_599db
/usr/bin/cmake -E cmake_link_script CMakeFiles/cmTC_599db.dir/link.txt --verbose=1
/opt/android-sdk/ndk/21.2.6472646/toolchains/llvm/prebuilt/linux-x86_64/bin/clang --target=armv7-none-linux-androideabi16 --gcc-toolchain=/opt/android-sdk/ndk/21.2.6472646/toolchains/llvm/prebuilt/linux-x86_64 --sysroot=/opt/android-sdk/ndk/21.2.6472646/toolchains/llvm/prebuilt/linux-x86_64/sysroot -DANDROID -fdata-sections -ffunction-sections -funwind-tables -fstack-protector-strong -no-canonical-prefixes -D_FORTIFY_SOURCE=2 -march=armv7-a -mthumb -Wformat -Werror=format-security    -Wl,--exclude-libs,libgcc.a -Wl,--exclude-libs,libgcc_real.a -Wl,--exclude-libs,libatomic.a -static-libstdc++ -Wl,--build-id -Wl,--fatal-warnings -Wl,--exclude-libs,libunwind.a -Wl,--no-undefined -Qunused-arguments -Wl,--gc-sections   CMakeFiles/cmTC_599db.dir/testCCompiler.c.o  -o cmTC_599db  -latomic -lm 
make[2]: Leaving directory '/home/niu2x/project/nup/build-android/CMakeFiles/CMakeTmp'
make[1]: Leaving directory '/home/niu2x/project/nup/build-android/CMakeFiles/CMakeTmp'



Detecting C compiler ABI info compiled with the following output:
Change Dir: /home/niu2x/project/nup/build-android/CMakeFiles/CMakeTmp

Run Build Command(s):/usr/bin/make cmTC_388f3/fast && make[1]: Entering directory '/home/niu2x/project/nup/build-android/CMakeFiles/CMakeTmp'
/usr/bin/make -f CMakeFiles/cmTC_388f3.dir/build.make CMakeFiles/cmTC_388f3.dir/build
make[2]: Entering directory '/home/niu2x/project/nup/build-android/CMakeFiles/CMakeTmp'
Building C object CMakeFiles/cmTC_388f3.dir/CMakeCCompilerABI.c.o
/opt/android-sdk/ndk/21.2.6472646/toolchains/llvm/prebuilt/linux-x86_64/bin/clang --target=armv7-none-linux-androideabi16 --gcc-toolchain=/opt/android-sdk/ndk/21.2.6472646/toolchains/llvm/prebuilt/linux-x86_64 --sysroot=/opt/android-sdk/ndk/21.2.6472646/toolchains/llvm/prebuilt/linux-x86_64/sysroot   -DANDROID -fdata-sections -ffunction-sections -funwind-tables -fstack-protector-strong -no-canonical-prefixes -D_FORTIFY_SOURCE=2 -march=armv7-a -mthumb -Wformat -Werror=format-security   -fPIE   -v -o CMakeFiles/cmTC_388f3.dir/CMakeCCompilerABI.c.o   -c /usr/share/cmake-3.16/Modules/CMakeCCompilerABI.c
Android (6454773 based on r365631c2) clang version 9.0.8 (https://android.googlesource.com/toolchain/llvm-project 98c855489587874b2a325e7a516b99d838599c6f) (based on LLVM 9.0.8svn)
Target: armv7-none-linux-android16
Thread model: posix
InstalledDir: /opt/android-sdk/ndk/21.2.6472646/toolchains/llvm/prebuilt/linux-x86_64/bin
Found candidate GCC installation: /opt/android-sdk/ndk/21.2.6472646/toolchains/llvm/prebuilt/linux-x86_64/lib/gcc/arm-linux-androideabi/4.9.x
Selected GCC installation: /opt/android-sdk/ndk/21.2.6472646/toolchains/llvm/prebuilt/linux-x86_64/lib/gcc/arm-linux-androideabi/4.9.x
Candidate multilib: thumb;@mthumb
Candidate multilib: armv7-a;@march=armv7-a
Candidate multilib: armv7-a/thumb;@march=armv7-a@mthumb
Candidate multilib: .;
Selected multilib: armv7-a/thumb;@march=armv7-a@mthumb
 "/opt/android-sdk/ndk/21.2.6472646/toolchains/llvm/prebuilt/linux-x86_64/bin/clang" -cc1 -triple thumbv7-none-linux-android16 -emit-obj -mrelax-all -mnoexecstack -disable-free -disable-llvm-verifier -discard-value-names -main-file-name CMakeCCompilerABI.c -mrelocation-model pic -pic-level 2 -pic-is-pie -mthread-model posix -mdisable-fp-elim -masm-verbose -mconstructor-aliases -munwind-tables -fuse-init-array -target-cpu generic -target-feature +soft-float-abi -target-feature +fpregs -target-feature +vfp2 -target-feature +vfp2d16 -target-feature +vfp2d16sp -target-feature +vfp2sp -target-feature +vfp3 -target-feature +vfp3d16 -target-feature +vfp3d16sp -target-feature +vfp3sp -target-feature -fp16 -target-feature -vfp4 -target-feature -vfp4d16 -target-feature -vfp4d16sp -target-feature -vfp4sp -target-feature -fp-armv8 -target-feature -fp-armv8d16 -target-feature -fp-armv8d16sp -target-feature -fp-armv8sp -target-feature -fullfp16 -target-feature +fp64 -target-feature +d32 -target-feature +neon -target-feature -crypto -target-feature -fp16fml -target-abi aapcs-linux -mfloat-abi soft -fallow-half-arguments-and-returns -dwarf-column-info -debugger-tuning=gdb -v -ffunction-sections -fdata-sections -coverage-notes-file /home/niu2x/project/nup/build-android/CMakeFiles/CMakeTmp/CMakeFiles/cmTC_388f3.dir/CMakeCCompilerABI.c.gcno -resource-dir /opt/android-sdk/ndk/21.2.6472646/toolchains/llvm/prebuilt/linux-x86_64/lib64/clang/9.0.8 -D ANDROID -D _FORTIFY_SOURCE=2 -isysroot /opt/android-sdk/ndk/21.2.6472646/toolchains/llvm/prebuilt/linux-x86_64/sysroot -internal-isystem /opt/android-sdk/ndk/21.2.6472646/toolchains/llvm/prebuilt/linux-x86_64/sysroot/usr/local/include -internal-isystem /opt/android-sdk/ndk/21.2.6472646/toolchains/llvm/prebuilt/linux-x86_64/lib64/clang/9.0.8/include -internal-externc-isystem /opt/android-sdk/ndk/21.2.6472646/toolchains/llvm/prebuilt/linux-x86_64/sysroot/usr/include/arm-linux-androideabi -internal-externc-isystem /opt/android-sdk/ndk/21.2.6472646/toolchains/llvm/prebuilt/linux-x86_64/sysroot/include -internal-externc-isystem /opt/android-sdk/ndk/21.2.6472646/toolchains/llvm/prebuilt/linux-x86_64/sysroot/usr/include -Wformat -Werror=format-security -fdebug-compilation-dir /home/niu2x/project/nup/build-android/CMakeFiles/CMakeTmp -ferror-limit 19 -fmessage-length 0 -stack-protector 2 -fno-signed-char -fobjc-runtime=gcc -fdiagnostics-show-option -o CMakeFiles/cmTC_388f3.dir/CMakeCCompilerABI.c.o -x c /usr/share/cmake-3.16/Modules/CMakeCCompilerABI.c
clang -cc1 version 9.0.8 based upon LLVM 9.0.8svn default target x86_64-unknown-linux-gnu
ignoring nonexistent directory "/opt/android-sdk/ndk/21.2.6472646/toolchains/llvm/prebuilt/linux-x86_64/sysroot/include"
#include "..." search starts here:
#include <...> search starts here:
 /opt/android-sdk/ndk/21.2.6472646/toolchains/llvm/prebuilt/linux-x86_64/sysroot/usr/local/include
 /opt/android-sdk/ndk/21.2.6472646/toolchains/llvm/prebuilt/linux-x86_64/lib64/clang/9.0.8/include
 /opt/android-sdk/ndk/21.2.6472646/toolchains/llvm/prebuilt/linux-x86_64/sysroot/usr/include/arm-linux-androideabi
 /opt/android-sdk/ndk/21.2.6472646/toolchains/llvm/prebuilt/linux-x86_64/sysroot/usr/include
End of search list.
Linking C executable cmTC_388f3
/usr/bin/cmake -E cmake_link_script CMakeFiles/cmTC_388f3.dir/link.txt --verbose=1
/opt/android-sdk/ndk/21.2.6472646/toolchains/llvm/prebuilt/linux-x86_64/bin/clang --target=armv7-none-linux-androideabi16 --gcc-toolchain=/opt/android-sdk/ndk/21.2.6472646/toolchains/llvm/prebuilt/linux-x86_64 --sysroot=/opt/android-sdk/ndk/21.2.6472646/toolchains/llvm/prebuilt/linux-x86_64/sysroot -DANDROID -fdata-sections -ffunction-sections -funwind-tables -fstack-protector-strong -no-canonical-prefixes -D_FORTIFY_SOURCE=2 -march=armv7-a -mthumb -Wformat -Werror=format-security    -Wl,--exclude-libs,libgcc.a -Wl,--exclude-libs,libgcc_real.a -Wl,--exclude-libs,libatomic.a -static-libstdc++ -Wl,--build-id -Wl,--fatal-warnings -Wl,--exclude-libs,libunwind.a -Wl,--no-undefined -Qunused-arguments -Wl,--gc-sections  -v CMakeFiles/cmTC_388f3.dir/CMakeCCompilerABI.c.o  -o cmTC_388f3 
Android (6454773 based on r365631c2) clang version 9.0.8 (https://android.googlesource.com/toolchain/llvm-project 98c855489587874b2a325e7a516b99d838599c6f) (based on LLVM 9.0.8svn)
Target: armv7-none-linux-android16
Thread model: posix
InstalledDir: /opt/android-sdk/ndk/21.2.6472646/toolchains/llvm/prebuilt/linux-x86_64/bin
Found candidate GCC installation: /opt/android-sdk/ndk/21.2.6472646/toolchains/llvm/prebuilt/linux-x86_64/lib/gcc/arm-linux-androideabi/4.9.x
Selected GCC installation: /opt/android-sdk/ndk/21.2.6472646/toolchains/llvm/prebuilt/linux-x86_64/lib/gcc/arm-linux-androideabi/4.9.x
Candidate multilib: thumb;@mthumb
Candidate multilib: armv7-a;@march=armv7-a
Candidate multilib: armv7-a/thumb;@march=armv7-a@mthumb
Candidate multilib: .;
Selected multilib: armv7-a/thumb;@march=armv7-a@mthumb
 "/opt/android-sdk/ndk/21.2.6472646/toolchains/llvm/prebuilt/linux-x86_64/lib/gcc/arm-linux-androideabi/4.9.x/../../../../arm-linux-androideabi/bin/ld" --sysroot=/opt/android-sdk/ndk/21.2.6472646/toolchains/llvm/prebuilt/linux-x86_64/sysroot -pie -z noexecstack -EL --warn-shared-textrel -z now -z relro -X --hash-style=both --enable-new-dtags --eh-frame-hdr -m armelf_linux_eabi -dynamic-linker /system/bin/linker -o cmTC_388f3 /opt/android-sdk/ndk/21.2.6472646/toolchains/llvm/prebuilt/linux-x86_64/sysroot/usr/lib/arm-linux-androideabi/16/crtbegin_dynamic.o -L/opt/android-sdk/ndk/21.2.6472646/toolchains/llvm/prebuilt/linux-x86_64/lib64/clang/9.0.8/lib/linux/arm -L/opt/android-sdk/ndk/21.2.6472646/toolchains/llvm/prebuilt/linux-x86_64/lib/gcc/arm-linux-androideabi/4.9.x/armv7-a/thumb -L/opt/android-sdk/ndk/21.2.6472646/toolchains/llvm/prebuilt/linux-x86_64/lib/gcc/arm-linux-androideabi/4.9.x/../../../../arm-linux-androideabi/lib/../lib/armv7-a/thumb -L/opt/android-sdk/ndk/21.2.6472646/toolchains/llvm/prebuilt/linux-x86_64/sysroot/usr/lib/arm-linux-androideabi/16 -L/opt/android-sdk/ndk/21.2.6472646/toolchains/llvm/prebuilt/linux-x86_64/sysroot/usr/lib/arm-linux-androideabi -L/opt/android-sdk/ndk/21.2.6472646/toolchains/llvm/prebuilt/linux-x86_64/sysroot/usr/lib/../lib -L/opt/android-sdk/ndk/21.2.6472646/toolchains/llvm/prebuilt/linux-x86_64/sysroot/usr/lib/arm-linux-androideabi/../../lib -L/opt/android-sdk/ndk/21.2.6472646/toolchains/llvm/prebuilt/linux-x86_64/lib/gcc/arm-linux-androideabi/4.9.x/../../../../arm-linux-androideabi/lib/armv7-a/thumb -L/opt/android-sdk/ndk/21.2.6472646/toolchains/llvm/prebuilt/linux-x86_64/sysroot/usr/lib --exclude-libs libgcc.a --exclude-libs libgcc_real.a --exclude-libs libatomic.a --build-id --fatal-warnings --exclude-libs libunwind.a --no-undefined --gc-sections CMakeFiles/cmTC_388f3.dir/CMakeCCompilerABI.c.o -lgcc -ldl -lc -lgcc -ldl /opt/android-sdk/ndk/21.2.6472646/toolchains/llvm/prebuilt/linux-x86_64/sysroot/usr/lib/arm-linux-androideabi/16/crtend_android.o
make[2]: Leaving directory '/home/niu2x/project/nup/build-android/CMakeFiles/CMakeTmp'
make[1]: Leaving directory '/home/niu2x/project/nup/build-android/CMakeFiles/CMakeTmp'



Parsed C implicit include dir info from above output: rv=done
  found start of include info
  found start of implicit include info
    add: [/opt/android-sdk/ndk/21.2.6472646/toolchains/llvm/prebuilt/linux-x86_64/sysroot/usr/local/include]
    add: [/opt/android-sdk/ndk/21.2.6472646/toolchains/llvm/prebuilt/linux-x86_64/lib64/clang/9.0.8/include]
    add: [/opt/android-sdk/ndk/21.2.6472646/toolchains/llvm/prebuilt/linux-x86_64/sysroot/usr/include/arm-linux-androideabi]
    add: [/opt/android-sdk/ndk/21.2.6472646/toolchains/llvm/prebuilt/linux-x86_64/sysroot/usr/include]
  end of search list found
  collapse include dir [/opt/android-sdk/ndk/21.2.6472646/toolchains/llvm/prebuilt/linux-x86_64/sysroot/usr/local/include] ==> [/opt/android-sdk/ndk/21.2.6472646/toolchains/llvm/prebuilt/linux-x86_64/sysroot/usr/local/include]
  collapse include dir [/opt/android-sdk/ndk/21.2.6472646/toolchains/llvm/prebuilt/linux-x86_64/lib64/clang/9.0.8/include] ==> [/opt/android-sdk/ndk/21.2.6472646/toolchains/llvm/prebuilt/linux-x86_64/lib64/clang/9.0.8/include]
  collapse include dir [/opt/android-sdk/ndk/21.2.6472646/toolchains/llvm/prebuilt/linux-x86_64/sysroot/usr/include/arm-linux-androideabi] ==> [/opt/android-sdk/ndk/21.2.6472646/toolchains/llvm/prebuilt/linux-x86_64/sysroot/usr/include/arm-linux-androideabi]
  collapse include dir [/opt/android-sdk/ndk/21.2.6472646/toolchains/llvm/prebuilt/linux-x86_64/sysroot/usr/include] ==> [/opt/android-sdk/ndk/21.2.6472646/toolchains/llvm/prebuilt/linux-x86_64/sysroot/usr/include]
  implicit include dirs: [/opt/android-sdk/ndk/21.2.6472646/toolchains/llvm/prebuilt/linux-x86_64/sysroot/usr/local/include;/opt/android-sdk/ndk/21.2.6472646/toolchains/llvm/prebuilt/linux-x86_64/lib64/clang/9.0.8/include;/opt/android-sdk/ndk/21.2.6472646/toolchains/llvm/prebuilt/linux-x86_64/sysroot/usr/include/arm-linux-androideabi;/opt/android-sdk/ndk/21.2.6472646/toolchains/llvm/prebuilt/linux-x86_64/sysroot/usr/include]


Parsed C implicit link information from above output:
  link line regex: [^( *|.*[/\])(arm-linux-androideabi-ld|CMAKE_LINK_STARTFILE-NOTFOUND|([^/\]+-)?ld|collect2)[^/\]*( |$)]
  ignore line: [Change Dir: /home/niu2x/project/nup/build-android/CMakeFiles/CMakeTmp]
  ignore line: []
  ignore line: [Run Build Command(s):/usr/bin/make cmTC_388f3/fast && make[1]: Entering directory '/home/niu2x/project/nup/build-android/CMakeFiles/CMakeTmp']
  ignore line: [/usr/bin/make -f CMakeFiles/cmTC_388f3.dir/build.make CMakeFiles/cmTC_388f3.dir/build]
  ignore line: [make[2]: Entering directory '/home/niu2x/project/nup/build-android/CMakeFiles/CMakeTmp']
  ignore line: [Building C object CMakeFiles/cmTC_388f3.dir/CMakeCCompilerABI.c.o]
  ignore line: [/opt/android-sdk/ndk/21.2.6472646/toolchains/llvm/prebuilt/linux-x86_64/bin/clang --target=armv7-none-linux-androideabi16 --gcc-toolchain=/opt/android-sdk/ndk/21.2.6472646/toolchains/llvm/prebuilt/linux-x86_64 --sysroot=/opt/android-sdk/ndk/21.2.6472646/toolchains/llvm/prebuilt/linux-x86_64/sysroot   -DANDROID -fdata-sections -ffunction-sections -funwind-tables -fstack-protector-strong -no-canonical-prefixes -D_FORTIFY_SOURCE=2 -march=armv7-a -mthumb -Wformat -Werror=format-security   -fPIE   -v -o CMakeFiles/cmTC_388f3.dir/CMakeCCompilerABI.c.o   -c /usr/share/cmake-3.16/Modules/CMakeCCompilerABI.c]
  ignore line: [Android (6454773 based on r365631c2) clang version 9.0.8 (https://android.googlesource.com/toolchain/llvm-project 98c855489587874b2a325e7a516b99d838599c6f) (based on LLVM 9.0.8svn)]
  ignore line: [Target: armv7-none-linux-android16]
  ignore line: [Thread model: posix]
  ignore line: [InstalledDir: /opt/android-sdk/ndk/21.2.6472646/toolchains/llvm/prebuilt/linux-x86_64/bin]
  ignore line: [Found candidate GCC installation: /opt/android-sdk/ndk/21.2.6472646/toolchains/llvm/prebuilt/linux-x86_64/lib/gcc/arm-linux-androideabi/4.9.x]
  ignore line: [Selected GCC installation: /opt/android-sdk/ndk/21.2.6472646/toolchains/llvm/prebuilt/linux-x86_64/lib/gcc/arm-linux-androideabi/4.9.x]
  ignore line: [Candidate multilib: thumb]
  ignore line: [@mthumb]
  ignore line: [Candidate multilib: armv7-a]
  ignore line: [@march=armv7-a]
  ignore line: [Candidate multilib: armv7-a/thumb]
  ignore line: [@march=armv7-a@mthumb]
  ignore line: [Candidate multilib: .]
  ignore line: []
  ignore line: [Selected multilib: armv7-a/thumb]
  ignore line: [@march=armv7-a@mthumb]
  ignore line: [ "/opt/android-sdk/ndk/21.2.6472646/toolchains/llvm/prebuilt/linux-x86_64/bin/clang" -cc1 -triple thumbv7-none-linux-android16 -emit-obj -mrelax-all -mnoexecstack -disable-free -disable-llvm-verifier -discard-value-names -main-file-name CMakeCCompilerABI.c -mrelocation-model pic -pic-level 2 -pic-is-pie -mthread-model posix -mdisable-fp-elim -masm-verbose -mconstructor-aliases -munwind-tables -fuse-init-array -target-cpu generic -target-feature +soft-float-abi -target-feature +fpregs -target-feature +vfp2 -target-feature +vfp2d16 -target-feature +vfp2d16sp -target-feature +vfp2sp -target-feature +vfp3 -target-feature +vfp3d16 -target-feature +vfp3d16sp -target-feature +vfp3sp -target-feature -fp16 -target-feature -vfp4 -target-feature -vfp4d16 -target-feature -vfp4d16sp -target-feature -vfp4sp -target-feature -fp-armv8 -target-feature -fp-armv8d16 -target-feature -fp-armv8d16sp -target-feature -fp-armv8sp -target-feature -fullfp16 -target-feature +fp64 -target-feature +d32 -target-feature +neon -target-feature -crypto -target-feature -fp16fml -target-abi aapcs-linux -mfloat-abi soft -fallow-half-arguments-and-returns -dwarf-column-info -debugger-tuning=gdb -v -ffunction-sections -fdata-sections -coverage-notes-file /home/niu2x/project/nup/build-android/CMakeFiles/CMakeTmp/CMakeFiles/cmTC_388f3.dir/CMakeCCompilerABI.c.gcno -resource-dir /opt/android-sdk/ndk/21.2.6472646/toolchains/llvm/prebuilt/linux-x86_64/lib64/clang/9.0.8 -D ANDROID -D _FORTIFY_SOURCE=2 -isysroot /opt/android-sdk/ndk/21.2.6472646/toolchains/llvm/prebuilt/linux-x86_64/sysroot -internal-isystem /opt/android-sdk/ndk/21.2.6472646/toolchains/llvm/prebuilt/linux-x86_64/sysroot/usr/local/include -internal-isystem /opt/android-sdk/ndk/21.2.6472646/toolchains/llvm/prebuilt/linux-x86_64/lib64/clang/9.0.8/include -internal-externc-isystem /opt/android-sdk/ndk/21.2.6472646/toolchains/llvm/prebuilt/linux-x86_64/sysroot/usr/include/arm-linux-androideabi -internal-externc-isystem /opt/android-sdk/ndk/21.2.6472646/toolchains/llvm/prebuilt/linux-x86_64/sysroot/include -internal-externc-isystem /opt/android-sdk/ndk/21.2.6472646/toolchains/llvm/prebuilt/linux-x86_64/sysroot/usr/include -Wformat -Werror=format-security -fdebug-compilation-dir /home/niu2x/project/nup/build-android/CMakeFiles/CMakeTmp -ferror-limit 19 -fmessage-length 0 -stack-protector 2 -fno-signed-char -fobjc-runtime=gcc -fdiagnostics-show-option -o CMakeFiles/cmTC_388f3.dir/CMakeCCompilerABI.c.o -x c /usr/share/cmake-3.16/Modules/CMakeCCompilerABI.c]
  ignore line: [clang -cc1 version 9.0.8 based upon LLVM 9.0.8svn default target x86_64-unknown-linux-gnu]
  ignore line: [ignoring nonexistent directory "/opt/android-sdk/ndk/21.2.6472646/toolchains/llvm/prebuilt/linux-x86_64/sysroot/include"]
  ignore line: [#include "..." search starts here:]
  ignore line: [#include <...> search starts here:]
  ignore line: [ /opt/android-sdk/ndk/21.2.6472646/toolchains/llvm/prebuilt/linux-x86_64/sysroot/usr/local/include]
  ignore line: [ /opt/android-sdk/ndk/21.2.6472646/toolchains/llvm/prebuilt/linux-x86_64/lib64/clang/9.0.8/include]
  ignore line: [ /opt/android-sdk/ndk/21.2.6472646/toolchains/llvm/prebuilt/linux-x86_64/sysroot/usr/include/arm-linux-androideabi]
  ignore line: [ /opt/android-sdk/ndk/21.2.6472646/toolchains/llvm/prebuilt/linux-x86_64/sysroot/usr/include]
  ignore line: [End of search list.]
  ignore line: [Linking C executable cmTC_388f3]
  ignore line: [/usr/bin/cmake -E cmake_link_script CMakeFiles/cmTC_388f3.dir/link.txt --verbose=1]
  ignore line: [/opt/android-sdk/ndk/21.2.6472646/toolchains/llvm/prebuilt/linux-x86_64/bin/clang --target=armv7-none-linux-androideabi16 --gcc-toolchain=/opt/android-sdk/ndk/21.2.6472646/toolchains/llvm/prebuilt/linux-x86_64 --sysroot=/opt/android-sdk/ndk/21.2.6472646/toolchains/llvm/prebuilt/linux-x86_64/sysroot -DANDROID -fdata-sections -ffunction-sections -funwind-tables -fstack-protector-strong -no-canonical-prefixes -D_FORTIFY_SOURCE=2 -march=armv7-a -mthumb -Wformat -Werror=format-security    -Wl --exclude-libs libgcc.a -Wl --exclude-libs libgcc_real.a -Wl --exclude-libs libatomic.a -static-libstdc++ -Wl --build-id -Wl --fatal-warnings -Wl --exclude-libs libunwind.a -Wl --no-undefined -Qunused-arguments -Wl --gc-sections  -v CMakeFiles/cmTC_388f3.dir/CMakeCCompilerABI.c.o  -o cmTC_388f3 ]
  ignore line: [Android (6454773 based on r365631c2) clang version 9.0.8 (https://android.googlesource.com/toolchain/llvm-project 98c855489587874b2a325e7a516b99d838599c6f) (based on LLVM 9.0.8svn)]
  ignore line: [Target: armv7-none-linux-android16]
  ignore line: [Thread model: posix]
  ignore line: [InstalledDir: /opt/android-sdk/ndk/21.2.6472646/toolchains/llvm/prebuilt/linux-x86_64/bin]
  ignore line: [Found candidate GCC installation: /opt/android-sdk/ndk/21.2.6472646/toolchains/llvm/prebuilt/linux-x86_64/lib/gcc/arm-linux-androideabi/4.9.x]
  ignore line: [Selected GCC installation: /opt/android-sdk/ndk/21.2.6472646/toolchains/llvm/prebuilt/linux-x86_64/lib/gcc/arm-linux-androideabi/4.9.x]
  ignore line: [Candidate multilib: thumb]
  ignore line: [@mthumb]
  ignore line: [Candidate multilib: armv7-a]
  ignore line: [@march=armv7-a]
  ignore line: [Candidate multilib: armv7-a/thumb]
  ignore line: [@march=armv7-a@mthumb]
  ignore line: [Candidate multilib: .]
  ignore line: []
  ignore line: [Selected multilib: armv7-a/thumb]
  ignore line: [@march=armv7-a@mthumb]
  link line: [ "/opt/android-sdk/ndk/21.2.6472646/toolchains/llvm/prebuilt/linux-x86_64/lib/gcc/arm-linux-androideabi/4.9.x/../../../../arm-linux-androideabi/bin/ld" --sysroot=/opt/android-sdk/ndk/21.2.6472646/toolchains/llvm/prebuilt/linux-x86_64/sysroot -pie -z noexecstack -EL --warn-shared-textrel -z now -z relro -X --hash-style=both --enable-new-dtags --eh-frame-hdr -m armelf_linux_eabi -dynamic-linker /system/bin/linker -o cmTC_388f3 /opt/android-sdk/ndk/21.2.6472646/toolchains/llvm/prebuilt/linux-x86_64/sysroot/usr/lib/arm-linux-androideabi/16/crtbegin_dynamic.o -L/opt/android-sdk/ndk/21.2.6472646/toolchains/llvm/prebuilt/linux-x86_64/lib64/clang/9.0.8/lib/linux/arm -L/opt/android-sdk/ndk/21.2.6472646/toolchains/llvm/prebuilt/linux-x86_64/lib/gcc/arm-linux-androideabi/4.9.x/armv7-a/thumb -L/opt/android-sdk/ndk/21.2.6472646/toolchains/llvm/prebuilt/linux-x86_64/lib/gcc/arm-linux-androideabi/4.9.x/../../../../arm-linux-androideabi/lib/../lib/armv7-a/thumb -L/opt/android-sdk/ndk/21.2.6472646/toolchains/llvm/prebuilt/linux-x86_64/sysroot/usr/lib/arm-linux-androideabi/16 -L/opt/android-sdk/ndk/21.2.6472646/toolchains/llvm/prebuilt/linux-x86_64/sysroot/usr/lib/arm-linux-androideabi -L/opt/android-sdk/ndk/21.2.6472646/toolchains/llvm/prebuilt/linux-x86_64/sysroot/usr/lib/../lib -L/opt/android-sdk/ndk/21.2.6472646/toolchains/llvm/prebuilt/linux-x86_64/sysroot/usr/lib/arm-linux-androideabi/../../lib -L/opt/android-sdk/ndk/21.2.6472646/toolchains/llvm/prebuilt/linux-x86_64/lib/gcc/arm-linux-androideabi/4.9.x/../../../../arm-linux-androideabi/lib/armv7-a/thumb -L/opt/android-sdk/ndk/21.2.6472646/toolchains/llvm/prebuilt/linux-x86_64/sysroot/usr/lib --exclude-libs libgcc.a --exclude-libs libgcc_real.a --exclude-libs libatomic.a --build-id --fatal-warnings --exclude-libs libunwind.a --no-undefined --gc-sections CMakeFiles/cmTC_388f3.dir/CMakeCCompilerABI.c.o -lgcc -ldl -lc -lgcc -ldl /opt/android-sdk/ndk/21.2.6472646/toolchains/llvm/prebuilt/linux-x86_64/sysroot/usr/lib/arm-linux-androideabi/16/crtend_android.o]
    arg [/opt/android-sdk/ndk/21.2.6472646/toolchains/llvm/prebuilt/linux-x86_64/lib/gcc/arm-linux-androideabi/4.9.x/../../../../arm-linux-androideabi/bin/ld] ==> ignore
    arg [--sysroot=/opt/android-sdk/ndk/21.2.6472646/toolchains/llvm/prebuilt/linux-x86_64/sysroot] ==> ignore
    arg [-pie] ==> ignore
    arg [-znoexecstack] ==> ignore
    arg [-EL] ==> ignore
    arg [--warn-shared-textrel] ==> ignore
    arg [-znow] ==> ignore
    arg [-zrelro] ==> ignore
    arg [-X] ==> ignore
    arg [--hash-style=both] ==> ignore
    arg [--enable-new-dtags] ==> ignore
    arg [--eh-frame-hdr] ==> ignore
    arg [-m] ==> ignore
    arg [armelf_linux_eabi] ==> ignore
    arg [-dynamic-linker] ==> ignore
    arg [/system/bin/linker] ==> ignore
    arg [-o] ==> ignore
    arg [cmTC_388f3] ==> ignore
    arg [/opt/android-sdk/ndk/21.2.6472646/toolchains/llvm/prebuilt/linux-x86_64/sysroot/usr/lib/arm-linux-androideabi/16/crtbegin_dynamic.o] ==> ignore
    arg [-L/opt/android-sdk/ndk/21.2.6472646/toolchains/llvm/prebuilt/linux-x86_64/lib64/clang/9.0.8/lib/linux/arm] ==> dir [/opt/android-sdk/ndk/21.2.6472646/toolchains/llvm/prebuilt/linux-x86_64/lib64/clang/9.0.8/lib/linux/arm]
    arg [-L/opt/android-sdk/ndk/21.2.6472646/toolchains/llvm/prebuilt/linux-x86_64/lib/gcc/arm-linux-androideabi/4.9.x/armv7-a/thumb] ==> dir [/opt/android-sdk/ndk/21.2.6472646/toolchains/llvm/prebuilt/linux-x86_64/lib/gcc/arm-linux-androideabi/4.9.x/armv7-a/thumb]
    arg [-L/opt/android-sdk/ndk/21.2.6472646/toolchains/llvm/prebuilt/linux-x86_64/lib/gcc/arm-linux-androideabi/4.9.x/../../../../arm-linux-androideabi/lib/../lib/armv7-a/thumb] ==> dir [/opt/android-sdk/ndk/21.2.6472646/toolchains/llvm/prebuilt/linux-x86_64/lib/gcc/arm-linux-androideabi/4.9.x/../../../../arm-linux-androideabi/lib/../lib/armv7-a/thumb]
    arg [-L/opt/android-sdk/ndk/21.2.6472646/toolchains/llvm/prebuilt/linux-x86_64/sysroot/usr/lib/arm-linux-androideabi/16] ==> dir [/opt/android-sdk/ndk/21.2.6472646/toolchains/llvm/prebuilt/linux-x86_64/sysroot/usr/lib/arm-linux-androideabi/16]
    arg [-L/opt/android-sdk/ndk/21.2.6472646/toolchains/llvm/prebuilt/linux-x86_64/sysroot/usr/lib/arm-linux-androideabi] ==> dir [/opt/android-sdk/ndk/21.2.6472646/toolchains/llvm/prebuilt/linux-x86_64/sysroot/usr/lib/arm-linux-androideabi]
    arg [-L/opt/android-sdk/ndk/21.2.6472646/toolchains/llvm/prebuilt/linux-x86_64/sysroot/usr/lib/../lib] ==> dir [/opt/android-sdk/ndk/21.2.6472646/toolchains/llvm/prebuilt/linux-x86_64/sysroot/usr/lib/../lib]
    arg [-L/opt/android-sdk/ndk/21.2.6472646/toolchains/llvm/prebuilt/linux-x86_64/sysroot/usr/lib/arm-linux-androideabi/../../lib] ==> dir [/opt/android-sdk/ndk/21.2.6472646/toolchains/llvm/prebuilt/linux-x86_64/sysroot/usr/lib/arm-linux-androideabi/../../lib]
    arg [-L/opt/android-sdk/ndk/21.2.6472646/toolchains/llvm/prebuilt/linux-x86_64/lib/gcc/arm-linux-androideabi/4.9.x/../../../../arm-linux-androideabi/lib/armv7-a/thumb] ==> dir [/opt/android-sdk/ndk/21.2.6472646/toolchains/llvm/prebuilt/linux-x86_64/lib/gcc/arm-linux-androideabi/4.9.x/../../../../arm-linux-androideabi/lib/armv7-a/thumb]
    arg [-L/opt/android-sdk/ndk/21.2.6472646/toolchains/llvm/prebuilt/linux-x86_64/sysroot/usr/lib] ==> dir [/opt/android-sdk/ndk/21.2.6472646/toolchains/llvm/prebuilt/linux-x86_64/sysroot/usr/lib]
    arg [--exclude-libs] ==> ignore
    arg [libgcc.a] ==> ignore
    arg [--exclude-libs] ==> ignore
    arg [libgcc_real.a] ==> ignore
    arg [--exclude-libs] ==> ignore
    arg [libatomic.a] ==> ignore
    arg [--build-id] ==> ignore
    arg [--fatal-warnings] ==> ignore
    arg [--exclude-libs] ==> ignore
    arg [libunwind.a] ==> ignore
    arg [--no-undefined] ==> ignore
    arg [--gc-sections] ==> ignore
    arg [CMakeFiles/cmTC_388f3.dir/CMakeCCompilerABI.c.o] ==> ignore
    arg [-lgcc] ==> lib [gcc]
    arg [-ldl] ==> lib [dl]
    arg [-lc] ==> lib [c]
    arg [-lgcc] ==> lib [gcc]
    arg [-ldl] ==> lib [dl]
    arg [/opt/android-sdk/ndk/21.2.6472646/toolchains/llvm/prebuilt/linux-x86_64/sysroot/usr/lib/arm-linux-androideabi/16/crtend_android.o] ==> ignore
  collapse library dir [/opt/android-sdk/ndk/21.2.6472646/toolchains/llvm/prebuilt/linux-x86_64/lib64/clang/9.0.8/lib/linux/arm] ==> [/opt/android-sdk/ndk/21.2.6472646/toolchains/llvm/prebuilt/linux-x86_64/lib64/clang/9.0.8/lib/linux/arm]
  collapse library dir [/opt/android-sdk/ndk/21.2.6472646/toolchains/llvm/prebuilt/linux-x86_64/lib/gcc/arm-linux-androideabi/4.9.x/armv7-a/thumb] ==> [/opt/android-sdk/ndk/21.2.6472646/toolchains/llvm/prebuilt/linux-x86_64/lib/gcc/arm-linux-androideabi/4.9.x/armv7-a/thumb]
  collapse library dir [/opt/android-sdk/ndk/21.2.6472646/toolchains/llvm/prebuilt/linux-x86_64/lib/gcc/arm-linux-androideabi/4.9.x/../../../../arm-linux-androideabi/lib/../lib/armv7-a/thumb] ==> [/opt/android-sdk/ndk/21.2.6472646/toolchains/llvm/prebuilt/linux-x86_64/arm-linux-androideabi/lib/armv7-a/thumb]
  collapse library dir [/opt/android-sdk/ndk/21.2.6472646/toolchains/llvm/prebuilt/linux-x86_64/sysroot/usr/lib/arm-linux-androideabi/16] ==> [/opt/android-sdk/ndk/21.2.6472646/toolchains/llvm/prebuilt/linux-x86_64/sysroot/usr/lib/arm-linux-androideabi/16]
  collapse library dir [/opt/android-sdk/ndk/21.2.6472646/toolchains/llvm/prebuilt/linux-x86_64/sysroot/usr/lib/arm-linux-androideabi] ==> [/opt/android-sdk/ndk/21.2.6472646/toolchains/llvm/prebuilt/linux-x86_64/sysroot/usr/lib/arm-linux-androideabi]
  collapse library dir [/opt/android-sdk/ndk/21.2.6472646/toolchains/llvm/prebuilt/linux-x86_64/sysroot/usr/lib/../lib] ==> [/opt/android-sdk/ndk/21.2.6472646/toolchains/llvm/prebuilt/linux-x86_64/sysroot/usr/lib]
  collapse library dir [/opt/android-sdk/ndk/21.2.6472646/toolchains/llvm/prebuilt/linux-x86_64/sysroot/usr/lib/arm-linux-androideabi/../../lib] ==> [/opt/android-sdk/ndk/21.2.6472646/toolchains/llvm/prebuilt/linux-x86_64/sysroot/usr/lib]
  collapse library dir [/opt/android-sdk/ndk/21.2.6472646/toolchains/llvm/prebuilt/linux-x86_64/lib/gcc/arm-linux-androideabi/4.9.x/../../../../arm-linux-androideabi/lib/armv7-a/thumb] ==> [/opt/android-sdk/ndk/21.2.6472646/toolchains/llvm/prebuilt/linux-x86_64/arm-linux-androideabi/lib/armv7-a/thumb]
  collapse library dir [/opt/android-sdk/ndk/21.2.6472646/toolchains/llvm/prebuilt/linux-x86_64/sysroot/usr/lib] ==> [/opt/android-sdk/ndk/21.2.6472646/toolchains/llvm/prebuilt/linux-x86_64/sysroot/usr/lib]
  implicit libs: [gcc;dl;c;gcc;dl]
  implicit dirs: [/opt/android-sdk/ndk/21.2.6472646/toolchains/llvm/prebuilt/linux-x86_64/lib64/clang/9.0.8/lib/linux/arm;/opt/android-sdk/ndk/21.2.6472646/toolchains/llvm/prebuilt/linux-x86_64/lib/gcc/arm-linux-androideabi/4.9.x/armv7-a/thumb;/opt/android-sdk/ndk/21.2.6472646/toolchains/llvm/prebuilt/linux-x86_64/arm-linux-androideabi/lib/armv7-a/thumb;/opt/android-sdk/ndk/21.2.6472646/toolchains/llvm/prebuilt/linux-x86_64/sysroot/usr/lib/arm-linux-androideabi/16;/opt/android-sdk/ndk/21.2.6472646/toolchains/llvm/prebuilt/linux-x86_64/sysroot/usr/lib/arm-linux-androideabi;/opt/android-sdk/ndk/21.2.6472646/toolchains/llvm/prebuilt/linux-x86_64/sysroot/usr/lib]
  implicit fwks: []


Performing C++ SOURCE FILE Test COMPILER_HAS_HIDDEN_VISIBILITY succeeded with the following output:
Change Dir: /home/niu2x/project/nup/build-android/CMakeFiles/CMakeTmp

Run Build Command(s):/usr/bin/make cmTC_d3312/fast && make[1]: Entering directory '/home/niu2x/project/nup/build-android/CMakeFiles/CMakeTmp'
/usr/bin/make -f CMakeFiles/cmTC_d3312.dir/build.make CMakeFiles/cmTC_d3312.dir/build
make[2]: Entering directory '/home/niu2x/project/nup/build-android/CMakeFiles/CMakeTmp'
Building CXX object CMakeFiles/cmTC_d3312.dir/src.cxx.o
/opt/android-sdk/ndk/21.2.6472646/toolchains/llvm/prebuilt/linux-x86_64/bin/clang++ --target=armv7-none-linux-androideabi16 --gcc-toolchain=/opt/android-sdk/ndk/21.2.6472646/toolchains/llvm/prebuilt/linux-x86_64 --sysroot=/opt/android-sdk/ndk/21.2.6472646/toolchains/llvm/prebuilt/linux-x86_64/sysroot    -DANDROID -fdata-sections -ffunction-sections -funwind-tables -fstack-protector-strong -no-canonical-prefixes -D_FORTIFY_SOURCE=2 -march=armv7-a -mthumb -Wformat -Werror=format-security   -DCOMPILER_HAS_HIDDEN_VISIBILITY -fPIE   -fvisibility=hidden -std=gnu++17 -o CMakeFiles/cmTC_d3312.dir/src.cxx.o -c /home/niu2x/project/nup/build-android/CMakeFiles/CMakeTmp/src.cxx
Linking CXX executable cmTC_d3312
/usr/bin/cmake -E cmake_link_script CMakeFiles/cmTC_d3312.dir/link.txt --verbose=1
/opt/android-sdk/ndk/21.2.6472646/toolchains/llvm/prebuilt/linux-x86_64/bin/clang++ --target=armv7-none-linux-androideabi16 --gcc-toolchain=/opt/android-sdk/ndk/21.2.6472646/toolchains/llvm/prebuilt/linux-x86_64 --sysroot=/opt/android-sdk/ndk/21.2.6472646/toolchains/llvm/prebuilt/linux-x86_64/sysroot  -DANDROID -fdata-sections -ffunction-sections -funwind-tables -fstack-protector-strong -no-canonical-prefixes -D_FORTIFY_SOURCE=2 -march=armv7-a -mthumb -Wformat -Werror=format-security   -DCOMPILER_HAS_HIDDEN_VISIBILITY  -Wl,--exclude-libs,libgcc.a -Wl,--exclude-libs,libgcc_real.a -Wl,--exclude-libs,libatomic.a -static-libstdc++ -Wl,--build-id -Wl,--fatal-warnings -Wl,--exclude-libs,libunwind.a -Wl,--no-undefined -Qunused-arguments -Wl,--gc-sections   CMakeFiles/cmTC_d3312.dir/src.cxx.o  -o cmTC_d3312  -latomic -lm 
make[2]: Leaving directory '/home/niu2x/project/nup/build-android/CMakeFiles/CMakeTmp'
make[1]: Leaving directory '/home/niu2x/project/nup/build-android/CMakeFiles/CMakeTmp'


Source file was:
int main() { return 0; }
Performing C++ SOURCE FILE Test COMPILER_HAS_HIDDEN_INLINE_VISIBILITY succeeded with the following output:
Change Dir: /home/niu2x/project/nup/build-android/CMakeFiles/CMakeTmp

Run Build Command(s):/usr/bin/make cmTC_dc27d/fast && make[1]: Entering directory '/home/niu2x/project/nup/build-android/CMakeFiles/CMakeTmp'
/usr/bin/make -f CMakeFiles/cmTC_dc27d.dir/build.make CMakeFiles/cmTC_dc27d.dir/build
make[2]: Entering directory '/home/niu2x/project/nup/build-android/CMakeFiles/CMakeTmp'
Building CXX object CMakeFiles/cmTC_dc27d.dir/src.cxx.o
/opt/android-sdk/ndk/21.2.6472646/toolchains/llvm/prebuilt/linux-x86_64/bin/clang++ --target=armv7-none-linux-androideabi16 --gcc-toolchain=/opt/android-sdk/ndk/21.2.6472646/toolchains/llvm/prebuilt/linux-x86_64 --sysroot=/opt/android-sdk/ndk/21.2.6472646/toolchains/llvm/prebuilt/linux-x86_64/sysroot    -DANDROID -fdata-sections -ffunction-sections -funwind-tables -fstack-protector-strong -no-canonical-prefixes -D_FORTIFY_SOURCE=2 -march=armv7-a -mthumb -Wformat -Werror=format-security   -DCOMPILER_HAS_HIDDEN_INLINE_VISIBILITY -fPIE   -fvisibility-inlines-hidden -std=gnu++17 -o CMakeFiles/cmTC_dc27d.dir/src.cxx.o -c /home/niu2x/project/nup/build-android/CMakeFiles/CMakeTmp/src.cxx
Linking CXX executable cmTC_dc27d
/usr/bin/cmake -E cmake_link_script CMakeFiles/cmTC_dc27d.dir/link.txt --verbose=1
/opt/android-sdk/ndk/21.2.6472646/toolchains/llvm/prebuilt/linux-x86_64/bin/clang++ --target=armv7-none-linux-androideabi16 --gcc-toolchain=/opt/android-sdk/ndk/21.2.6472646/toolchains/llvm/prebuilt/linux-x86_64 --sysroot=/opt/android-sdk/ndk/21.2.6472646/toolchains/llvm/prebuilt/linux-x86_64/sysroot  -DANDROID -fdata-sections -ffunction-sections -funwind-tables -fstack-protector-strong -no-canonical-prefixes -D_FORTIFY_SOURCE=2 -march=armv7-a -mthumb -Wformat -Werror=format-security   -DCOMPILER_HAS_HIDDEN_INLINE_VISIBILITY  -Wl,--exclude-libs,libgcc.a -Wl,--exclude-libs,libgcc_real.a -Wl,--exclude-libs,libatomic.a -static-libstdc++ -Wl,--build-id -Wl,--fatal-warnings -Wl,--exclude-libs,libunwind.a -Wl,--no-undefined -Qunused-arguments -Wl,--gc-sections   CMakeFiles/cmTC_dc27d.dir/src.cxx.o  -o cmTC_dc27d  -latomic -lm 
make[2]: Leaving directory '/home/niu2x/project/nup/build-android/CMakeFiles/CMakeTmp'
make[1]: Leaving directory '/home/niu2x/project/nup/build-android/CMakeFiles/CMakeTmp'


Source file was:
int main() { return 0; }
Performing C++ SOURCE FILE Test COMPILER_HAS_DEPRECATED_ATTR succeeded with the following output:
Change Dir: /home/niu2x/project/nup/build-android/CMakeFiles/CMakeTmp

Run Build Command(s):/usr/bin/make cmTC_3e60a/fast && make[1]: Entering directory '/home/niu2x/project/nup/build-android/CMakeFiles/CMakeTmp'
/usr/bin/make -f CMakeFiles/cmTC_3e60a.dir/build.make CMakeFiles/cmTC_3e60a.dir/build
make[2]: Entering directory '/home/niu2x/project/nup/build-android/CMakeFiles/CMakeTmp'
Building CXX object CMakeFiles/cmTC_3e60a.dir/src.cxx.o
/opt/android-sdk/ndk/21.2.6472646/toolchains/llvm/prebuilt/linux-x86_64/bin/clang++ --target=armv7-none-linux-androideabi16 --gcc-toolchain=/opt/android-sdk/ndk/21.2.6472646/toolchains/llvm/prebuilt/linux-x86_64 --sysroot=/opt/android-sdk/ndk/21.2.6472646/toolchains/llvm/prebuilt/linux-x86_64/sysroot    -DANDROID -fdata-sections -ffunction-sections -funwind-tables -fstack-protector-strong -no-canonical-prefixes -D_FORTIFY_SOURCE=2 -march=armv7-a -mthumb -Wformat -Werror=format-security   -DCOMPILER_HAS_DEPRECATED_ATTR -fPIE   -std=gnu++17 -o CMakeFiles/cmTC_3e60a.dir/src.cxx.o -c /home/niu2x/project/nup/build-android/CMakeFiles/CMakeTmp/src.cxx
/home/niu2x/project/nup/build-android/CMakeFiles/CMakeTmp/src.cxx:2:25: warning: 'somefunc' is deprecated [-Wdeprecated-declarations]
    int main() { return somefunc();}
                        ^
/home/niu2x/project/nup/build-android/CMakeFiles/CMakeTmp/src.cxx:1:16: note: 'somefunc' has been explicitly marked deprecated here
__attribute__((__deprecated__)) int somefunc() { return 0; }
               ^
1 warning generated.
Linking CXX executable cmTC_3e60a
/usr/bin/cmake -E cmake_link_script CMakeFiles/cmTC_3e60a.dir/link.txt --verbose=1
/opt/android-sdk/ndk/21.2.6472646/toolchains/llvm/prebuilt/linux-x86_64/bin/clang++ --target=armv7-none-linux-androideabi16 --gcc-toolchain=/opt/android-sdk/ndk/21.2.6472646/toolchains/llvm/prebuilt/linux-x86_64 --sysroot=/opt/android-sdk/ndk/21.2.6472646/toolchains/llvm/prebuilt/linux-x86_64/sysroot  -DANDROID -fdata-sections -ffunction-sections -funwind-tables -fstack-protector-strong -no-canonical-prefixes -D_FORTIFY_SOURCE=2 -march=armv7-a -mthumb -Wformat -Werror=format-security   -DCOMPILER_HAS_DEPRECATED_ATTR  -Wl,--exclude-libs,libgcc.a -Wl,--exclude-libs,libgcc_real.a -Wl,--exclude-libs,libatomic.a -static-libstdc++ -Wl,--build-id -Wl,--fatal-warnings -Wl,--exclude-libs,libunwind.a -Wl,--no-undefined -Qunused-arguments -Wl,--gc-sections   CMakeFiles/cmTC_3e60a.dir/src.cxx.o  -o cmTC_3e60a  -latomic -lm 
make[2]: Leaving directory '/home/niu2x/project/nup/build-android/CMakeFiles/CMakeTmp'
make[1]: Leaving directory '/home/niu2x/project/nup/build-android/CMakeFiles/CMakeTmp'


Source file was:
__attribute__((__deprecated__)) int somefunc() { return 0; }
    int main() { return somefunc();}
